[debug] [2022-04-12T17:51:38.568Z] ----------------------------------------------------------------------
[debug] [2022-04-12T17:51:38.570Z] Command:       /home/mikal/.nvm/versions/node/v16.13.2/bin/node /mnt/c/Program Files/nodejs/node_modules/firebase-tools/lib/bin/firebase.js serve
[debug] [2022-04-12T17:51:38.570Z] CLI Version:   9.3.0
[debug] [2022-04-12T17:51:38.570Z] Platform:      linux
[debug] [2022-04-12T17:51:38.570Z] Node Version:  v16.13.2
[debug] [2022-04-12T17:51:38.571Z] Time:          Tue Apr 12 2022 13:51:38 GMT-0400 (Eastern Daylight Time)
[debug] [2022-04-12T17:51:38.571Z] ----------------------------------------------------------------------
[debug] [2022-04-12T17:51:38.572Z] 
[debug] [2022-04-12T17:51:38.579Z] >>> [apiv2][query] GET https://firebase-public.firebaseio.com/cli.json [none]
[debug] [2022-04-12T17:51:38.607Z] > command requires scopes: ["email","openid","https://www.googleapis.com/auth/cloudplatformprojects.readonly","https://www.googleapis.com/auth/firebase","https://www.googleapis.com/auth/cloud-platform"]
[debug] [2022-04-12T17:51:38.608Z] > authorizing via signed-in user
[debug] [2022-04-12T17:51:38.608Z] [iam] checking project classdotio-7a498 for permissions ["firebase.projects.get"]
[debug] [2022-04-12T17:51:38.610Z] > refreshing access token with scopes: ["email","https://www.googleapis.com/auth/cloud-platform","https://www.googleapis.com/auth/cloudplatformprojects.readonly","https://www.googleapis.com/auth/firebase","openid"]
[debug] [2022-04-12T17:51:38.611Z] >>> HTTP REQUEST POST https://www.googleapis.com/oauth2/v3/token  
 <request body omitted>
[debug] [2022-04-12T17:51:38.730Z] <<< HTTP RESPONSE 200 {"cache-control":"no-cache, no-store, max-age=0, must-revalidate","expires":"Mon, 01 Jan 1990 00:00:00 GMT","pragma":"no-cache","date":"Tue, 12 Apr 2022 17:51:41 GMT","content-type":"application/json; charset=utf-8","vary":"X-Origin, Referer, Origin,Accept-Encoding","server":"scaffolding on HTTPServer2","x-xss-protection":"0","x-frame-options":"SAMEORIGIN","x-content-type-options":"nosniff","alt-svc":"h3=\":443\"; ma=2592000,h3-29=\":443\"; ma=2592000,h3-Q050=\":443\"; ma=2592000,h3-Q046=\":443\"; ma=2592000,h3-Q043=\":443\"; ma=2592000,quic=\":443\"; ma=2592000; v=\"46,43\"","accept-ranges":"none","transfer-encoding":"chunked"}
[debug] [2022-04-12T17:51:38.735Z] >>> HTTP REQUEST POST https://cloudresourcemanager.googleapis.com/v1/projects/classdotio-7a498:testIamPermissions  
 {"permissions":["firebase.projects.get"]}
[debug] [2022-04-12T17:51:38.812Z] <<< [apiv2][status] GET https://firebase-public.firebaseio.com/cli.json 200
[debug] [2022-04-12T17:51:38.812Z] <<< [apiv2][body] GET https://firebase-public.firebaseio.com/cli.json {"cloudBuildErrorAfter":1594252800000,"cloudBuildWarnAfter":1590019200000,"defaultNode10After":1594252800000,"minVersion":"3.0.5","node8DeploysDisabledAfter":1613390400000,"node8RuntimeDisabledAfter":1615809600000,"node8WarnAfter":1600128000000}
[debug] [2022-04-12T17:51:38.951Z] <<< HTTP RESPONSE 200 {"content-type":"application/json; charset=UTF-8","vary":"X-Origin, Referer, Origin,Accept-Encoding","date":"Tue, 12 Apr 2022 17:51:41 GMT","server":"ESF","cache-control":"private","x-xss-protection":"0","x-frame-options":"SAMEORIGIN","x-content-type-options":"nosniff","server-timing":"gfet4t7; dur=105","alt-svc":"h3=\":443\"; ma=2592000,h3-29=\":443\"; ma=2592000,h3-Q050=\":443\"; ma=2592000,h3-Q046=\":443\"; ma=2592000,h3-Q043=\":443\"; ma=2592000,quic=\":443\"; ma=2592000; v=\"46,43\"","accept-ranges":"none","transfer-encoding":"chunked"}
[debug] [2022-04-12T17:51:38.952Z] > refreshing access token with scopes: []
[debug] [2022-04-12T17:51:38.952Z] >>> HTTP REQUEST POST https://www.googleapis.com/oauth2/v3/token  
 <request body omitted>
[debug] [2022-04-12T17:51:39.066Z] <<< HTTP RESPONSE 200 {"cache-control":"no-cache, no-store, max-age=0, must-revalidate","pragma":"no-cache","expires":"Mon, 01 Jan 1990 00:00:00 GMT","date":"Tue, 12 Apr 2022 17:51:41 GMT","content-type":"application/json; charset=utf-8","vary":"X-Origin, Referer, Origin,Accept-Encoding","server":"scaffolding on HTTPServer2","x-xss-protection":"0","x-frame-options":"SAMEORIGIN","x-content-type-options":"nosniff","alt-svc":"h3=\":443\"; ma=2592000,h3-29=\":443\"; ma=2592000,h3-Q050=\":443\"; ma=2592000,h3-Q046=\":443\"; ma=2592000,h3-Q043=\":443\"; ma=2592000,quic=\":443\"; ma=2592000; v=\"46,43\"","accept-ranges":"none","transfer-encoding":"chunked"}
[debug] [2022-04-12T17:51:39.076Z] >>> [apiv2][query] GET https://firebase.googleapis.com/v1beta1/projects/classdotio-7a498 [none]
[debug] [2022-04-12T17:51:39.362Z] <<< [apiv2][status] GET https://firebase.googleapis.com/v1beta1/projects/classdotio-7a498 200
[debug] [2022-04-12T17:51:39.362Z] <<< [apiv2][body] GET https://firebase.googleapis.com/v1beta1/projects/classdotio-7a498 {"projectId":"classdotio-7a498","projectNumber":"992611827789","displayName":"classdotio","name":"projects/classdotio-7a498","resources":{"hostingSite":"classdotio-7a498","storageBucket":"classdotio-7a498.appspot.com","locationId":"us-central"},"state":"ACTIVE"}
[info] 
[info] === Serving from '/mnt/d/projects/classdotio'...
[info] 
[debug] [2022-04-12T17:51:39.365Z] >>> [apiv2][query] GET https://firebase.googleapis.com/v1beta1/projects/classdotio-7a498/webApps/-/config [none]
[info] ✔  functions: Using node@16 from host. {"metadata":{"emulator":{"name":"functions"},"message":"Using node@16 from host."}}
[debug] [2022-04-12T17:51:39.425Z] defaultcredentials: writing to file /home/mikal/.config/firebase/ventusboy13_gmail_com_application_default_credentials.json
[debug] [2022-04-12T17:51:39.427Z] Setting GAC to /home/mikal/.config/firebase/ventusboy13_gmail_com_application_default_credentials.json {"metadata":{"emulator":{"name":"functions"},"message":"Setting GAC to /home/mikal/.config/firebase/ventusboy13_gmail_com_application_default_credentials.json"}}
[debug] [2022-04-12T17:51:39.428Z] >>> [apiv2][query] GET https://firebase.googleapis.com/v1beta1/projects/classdotio-7a498/adminSdkConfig [none]
[debug] [2022-04-12T17:51:39.700Z] <<< [apiv2][status] GET https://firebase.googleapis.com/v1beta1/projects/classdotio-7a498/adminSdkConfig 200
[debug] [2022-04-12T17:51:39.700Z] <<< [apiv2][body] GET https://firebase.googleapis.com/v1beta1/projects/classdotio-7a498/adminSdkConfig {"projectId":"classdotio-7a498","storageBucket":"classdotio-7a498.appspot.com","locationId":"us-central"}
[debug] [2022-04-12T17:51:39.792Z] <<< [apiv2][status] GET https://firebase.googleapis.com/v1beta1/projects/classdotio-7a498/webApps/-/config 200
[debug] [2022-04-12T17:51:39.792Z] <<< [apiv2][body] GET https://firebase.googleapis.com/v1beta1/projects/classdotio-7a498/webApps/-/config {"projectId":"classdotio-7a498","storageBucket":"classdotio-7a498.appspot.com","locationId":"us-central","apiKey":"AIzaSyA2wvTH6PWC8PuEGQk157HIlxMElJsC4YY","authDomain":"classdotio-7a498.firebaseapp.com","messagingSenderId":"992611827789"}
[info] i  functions: Watching "/mnt/d/projects/classdotio/functions" for Cloud Functions... {"metadata":{"emulator":{"name":"functions"},"message":"Watching \"/mnt/d/projects/classdotio/functions\" for Cloud Functions..."}}
[debug] [2022-04-12T17:51:40.500Z] [worker-pool] addWorker(~diagnostic~) {"metadata":{"emulator":{"name":"functions"},"message":"[worker-pool] addWorker(~diagnostic~)"}}
[debug] [2022-04-12T17:51:40.500Z] [worker-pool] Adding worker with key ~diagnostic~, total=1 {"metadata":{"emulator":{"name":"functions"},"message":"[worker-pool] Adding worker with key ~diagnostic~, total=1"}}
[debug] [2022-04-12T17:51:40.500Z] [worker-pool] submitWork(triggerId=) {"metadata":{"emulator":{"name":"functions"},"message":"[worker-pool] submitWork(triggerId=)"}}
[debug] [2022-04-12T17:51:40.501Z] [worker-~diagnostic~-56d27d09-d340-4f40-b81f-90311e81d91a]: Assigning socketPath: /tmp/fire_emu_677.sock {"metadata":{"emulator":{"name":"functions"},"message":"[worker-~diagnostic~-56d27d09-d340-4f40-b81f-90311e81d91a]: Assigning socketPath: /tmp/fire_emu_677.sock"}}
[debug] [2022-04-12T17:51:40.501Z] [worker-~diagnostic~-56d27d09-d340-4f40-b81f-90311e81d91a]: BUSY {"metadata":{"emulator":{"name":"functions"},"message":"[worker-~diagnostic~-56d27d09-d340-4f40-b81f-90311e81d91a]: BUSY"}}
[info] i  hosting: Serving hosting files from: public {"metadata":{"emulator":{"name":"hosting"},"message":"Serving hosting files from: \u001b[1mpublic\u001b[22m"}}
[info] ✔  hosting: Local server: http://localhost:5000 {"metadata":{"emulator":{"name":"hosting"},"message":"Local server: \u001b[4m\u001b[1mhttp://localhost:5000\u001b[22m\u001b[24m"}}
[debug] [2022-04-12T17:51:40.757Z] [runtime-status] [677] Functions runtime initialized. {"cwd":"/mnt/d/projects/classdotio/functions","node_version":"16.13.2"} {"metadata":{"emulator":{"name":"functions"},"message":"[runtime-status] [677] Functions runtime initialized. {\"cwd\":\"/mnt/d/projects/classdotio/functions\",\"node_version\":\"16.13.2\"}"}}
[debug] [2022-04-12T17:51:40.757Z] [runtime-status] [677] Disabled runtime features: undefined {"metadata":{"emulator":{"name":"functions"},"message":"[runtime-status] [677] Disabled runtime features: undefined"}}
[debug] [2022-04-12T17:51:40.811Z] [runtime-status] [677] Resolved module firebase-admin {"declared":true,"installed":true,"version":"9.12.0","resolution":"/mnt/d/projects/classdotio/functions/node_modules/firebase-admin/lib/index.js"} {"metadata":{"emulator":{"name":"functions"},"message":"[runtime-status] [677] Resolved module firebase-admin {\"declared\":true,\"installed\":true,\"version\":\"9.12.0\",\"resolution\":\"/mnt/d/projects/classdotio/functions/node_modules/firebase-admin/lib/index.js\"}"}}
[debug] [2022-04-12T17:51:40.874Z] [runtime-status] [677] Resolved module firebase-functions {"declared":true,"installed":true,"version":"3.16.0","resolution":"/mnt/d/projects/classdotio/functions/node_modules/firebase-functions/lib/index.js"} {"metadata":{"emulator":{"name":"functions"},"message":"[runtime-status] [677] Resolved module firebase-functions {\"declared\":true,\"installed\":true,\"version\":\"3.16.0\",\"resolution\":\"/mnt/d/projects/classdotio/functions/node_modules/firebase-functions/lib/index.js\"}"}}
[debug] [2022-04-12T17:51:40.879Z] [runtime-status] [677] Resolved module firebase-functions {"declared":true,"installed":true,"version":"3.16.0","resolution":"/mnt/d/projects/classdotio/functions/node_modules/firebase-functions/lib/index.js"} {"metadata":{"emulator":{"name":"functions"},"message":"[runtime-status] [677] Resolved module firebase-functions {\"declared\":true,\"installed\":true,\"version\":\"3.16.0\",\"resolution\":\"/mnt/d/projects/classdotio/functions/node_modules/firebase-functions/lib/index.js\"}"}}
[debug] [2022-04-12T17:51:40.880Z] [runtime-status] [677] Outgoing network have been stubbed. [{"name":"http","status":"mocked"},{"name":"http","status":"mocked"},{"name":"https","status":"mocked"},{"name":"https","status":"mocked"},{"name":"net","status":"mocked"}] {"metadata":{"emulator":{"name":"functions"},"message":"[runtime-status] [677] Outgoing network have been stubbed. [{\"name\":\"http\",\"status\":\"mocked\"},{\"name\":\"http\",\"status\":\"mocked\"},{\"name\":\"https\",\"status\":\"mocked\"},{\"name\":\"https\",\"status\":\"mocked\"},{\"name\":\"net\",\"status\":\"mocked\"}]"}}
[debug] [2022-04-12T17:51:40.881Z] [runtime-status] [677] Resolved module firebase-functions {"declared":true,"installed":true,"version":"3.16.0","resolution":"/mnt/d/projects/classdotio/functions/node_modules/firebase-functions/lib/index.js"} {"metadata":{"emulator":{"name":"functions"},"message":"[runtime-status] [677] Resolved module firebase-functions {\"declared\":true,\"installed\":true,\"version\":\"3.16.0\",\"resolution\":\"/mnt/d/projects/classdotio/functions/node_modules/firebase-functions/lib/index.js\"}"}}
[debug] [2022-04-12T17:51:41.919Z] [runtime-status] [677] Checked functions.config() {"config":{}} {"metadata":{"emulator":{"name":"functions"},"message":"[runtime-status] [677] Checked functions.config() {\"config\":{}}"}}
[debug] [2022-04-12T17:51:41.919Z] [runtime-status] [677] firebase-functions has been stubbed. {"functionsResolution":{"declared":true,"installed":true,"version":"3.16.0","resolution":"/mnt/d/projects/classdotio/functions/node_modules/firebase-functions/lib/index.js"}} {"metadata":{"emulator":{"name":"functions"},"message":"[runtime-status] [677] firebase-functions has been stubbed. {\"functionsResolution\":{\"declared\":true,\"installed\":true,\"version\":\"3.16.0\",\"resolution\":\"/mnt/d/projects/classdotio/functions/node_modules/firebase-functions/lib/index.js\"}}"}}
[debug] [2022-04-12T17:51:41.920Z] [runtime-status] [677] Resolved module firebase-functions {"declared":true,"installed":true,"version":"3.16.0","resolution":"/mnt/d/projects/classdotio/functions/node_modules/firebase-functions/lib/index.js"} {"metadata":{"emulator":{"name":"functions"},"message":"[runtime-status] [677] Resolved module firebase-functions {\"declared\":true,\"installed\":true,\"version\":\"3.16.0\",\"resolution\":\"/mnt/d/projects/classdotio/functions/node_modules/firebase-functions/lib/index.js\"}"}}
[debug] [2022-04-12T17:51:41.923Z] [runtime-status] [677] Resolved module firebase-admin {"declared":true,"installed":true,"version":"9.12.0","resolution":"/mnt/d/projects/classdotio/functions/node_modules/firebase-admin/lib/index.js"} {"metadata":{"emulator":{"name":"functions"},"message":"[runtime-status] [677] Resolved module firebase-admin {\"declared\":true,\"installed\":true,\"version\":\"9.12.0\",\"resolution\":\"/mnt/d/projects/classdotio/functions/node_modules/firebase-admin/lib/index.js\"}"}}
[debug] [2022-04-12T17:51:41.924Z] [runtime-status] [677] Resolved module firebase-functions {"declared":true,"installed":true,"version":"3.16.0","resolution":"/mnt/d/projects/classdotio/functions/node_modules/firebase-functions/lib/index.js"} {"metadata":{"emulator":{"name":"functions"},"message":"[runtime-status] [677] Resolved module firebase-functions {\"declared\":true,\"installed\":true,\"version\":\"3.16.0\",\"resolution\":\"/mnt/d/projects/classdotio/functions/node_modules/firebase-functions/lib/index.js\"}"}}
[debug] [2022-04-12T17:51:41.924Z] [runtime-status] [677] firebase-admin has been stubbed. {"adminResolution":{"declared":true,"installed":true,"version":"9.12.0","resolution":"/mnt/d/projects/classdotio/functions/node_modules/firebase-admin/lib/index.js"}} {"metadata":{"emulator":{"name":"functions"},"message":"[runtime-status] [677] firebase-admin has been stubbed. {\"adminResolution\":{\"declared\":true,\"installed\":true,\"version\":\"9.12.0\",\"resolution\":\"/mnt/d/projects/classdotio/functions/node_modules/firebase-admin/lib/index.js\"}}"}}
[info] ✔  functions[app]: http function initialized (http://localhost:5001/classdotio-7a498/us-central1/app). {"metadata":{"emulator":{"name":"functions"},"message":"\u001b[1mhttp\u001b[22m function initialized (http://localhost:5001/classdotio-7a498/us-central1/app)."}}
[debug] [2022-04-12T17:51:44.772Z] [worker-~diagnostic~-56d27d09-d340-4f40-b81f-90311e81d91a]: IDLE {"metadata":{"emulator":{"name":"functions"},"message":"[worker-~diagnostic~-56d27d09-d340-4f40-b81f-90311e81d91a]: IDLE"}}
[debug] [2022-04-12T18:05:37.583Z] [work-queue] {"queueLength":1,"workRunningCount":0}
[debug] [2022-04-12T18:05:37.584Z] [work-queue] {"queueLength":0,"workRunningCount":1}
[debug] [2022-04-12T18:05:37.584Z] Accepted request POST /classdotio-7a498/us-central1/app/getUserInfo --> app
[debug] [2022-04-12T18:05:38.204Z] [worker-pool] addWorker(app) {"metadata":{"emulator":{"name":"functions"},"message":"[worker-pool] addWorker(app)"}}
[debug] [2022-04-12T18:05:38.204Z] [worker-pool] Adding worker with key app, total=1 {"metadata":{"emulator":{"name":"functions"},"message":"[worker-pool] Adding worker with key app, total=1"}}
[debug] [2022-04-12T18:05:38.204Z] [worker-pool] submitWork(triggerId=app) {"metadata":{"emulator":{"name":"functions"},"message":"[worker-pool] submitWork(triggerId=app)"}}
[debug] [2022-04-12T18:05:38.204Z] [worker-app-f5e25e48-112d-4307-a884-c61ddcb25d4b]: Assigning socketPath: /tmp/fire_emu_715.sock {"metadata":{"emulator":{"name":"functions"},"message":"[worker-app-f5e25e48-112d-4307-a884-c61ddcb25d4b]: Assigning socketPath: /tmp/fire_emu_715.sock"}}
[debug] [2022-04-12T18:05:38.204Z] [worker-app-f5e25e48-112d-4307-a884-c61ddcb25d4b]: BUSY {"metadata":{"emulator":{"name":"functions"},"message":"[worker-app-f5e25e48-112d-4307-a884-c61ddcb25d4b]: BUSY"}}
[debug] [2022-04-12T18:05:38.451Z] [runtime-status] [715] Functions runtime initialized. {"cwd":"/mnt/d/projects/classdotio/functions","node_version":"16.13.2"} {"metadata":{"emulator":{"name":"functions"},"function":{"name":"app"},"message":"[runtime-status] [715] Functions runtime initialized. {\"cwd\":\"/mnt/d/projects/classdotio/functions\",\"node_version\":\"16.13.2\"}"}}
[debug] [2022-04-12T18:05:38.452Z] [runtime-status] [715] Disabled runtime features: undefined {"metadata":{"emulator":{"name":"functions"},"function":{"name":"app"},"message":"[runtime-status] [715] Disabled runtime features: undefined"}}
[debug] [2022-04-12T18:05:38.454Z] [runtime-status] [715] Resolved module firebase-admin {"declared":true,"installed":true,"version":"9.12.0","resolution":"/mnt/d/projects/classdotio/functions/node_modules/firebase-admin/lib/index.js"} {"metadata":{"emulator":{"name":"functions"},"function":{"name":"app"},"message":"[runtime-status] [715] Resolved module firebase-admin {\"declared\":true,\"installed\":true,\"version\":\"9.12.0\",\"resolution\":\"/mnt/d/projects/classdotio/functions/node_modules/firebase-admin/lib/index.js\"}"}}
[debug] [2022-04-12T18:05:38.457Z] [runtime-status] [715] Resolved module firebase-functions {"declared":true,"installed":true,"version":"3.16.0","resolution":"/mnt/d/projects/classdotio/functions/node_modules/firebase-functions/lib/index.js"} {"metadata":{"emulator":{"name":"functions"},"function":{"name":"app"},"message":"[runtime-status] [715] Resolved module firebase-functions {\"declared\":true,\"installed\":true,\"version\":\"3.16.0\",\"resolution\":\"/mnt/d/projects/classdotio/functions/node_modules/firebase-functions/lib/index.js\"}"}}
[debug] [2022-04-12T18:05:38.458Z] [runtime-status] [715] Resolved module firebase-functions {"declared":true,"installed":true,"version":"3.16.0","resolution":"/mnt/d/projects/classdotio/functions/node_modules/firebase-functions/lib/index.js"} {"metadata":{"emulator":{"name":"functions"},"function":{"name":"app"},"message":"[runtime-status] [715] Resolved module firebase-functions {\"declared\":true,\"installed\":true,\"version\":\"3.16.0\",\"resolution\":\"/mnt/d/projects/classdotio/functions/node_modules/firebase-functions/lib/index.js\"}"}}
[debug] [2022-04-12T18:05:38.460Z] [runtime-status] [715] Outgoing network have been stubbed. [{"name":"http","status":"mocked"},{"name":"http","status":"mocked"},{"name":"https","status":"mocked"},{"name":"https","status":"mocked"},{"name":"net","status":"mocked"}] {"metadata":{"emulator":{"name":"functions"},"function":{"name":"app"},"message":"[runtime-status] [715] Outgoing network have been stubbed. [{\"name\":\"http\",\"status\":\"mocked\"},{\"name\":\"http\",\"status\":\"mocked\"},{\"name\":\"https\",\"status\":\"mocked\"},{\"name\":\"https\",\"status\":\"mocked\"},{\"name\":\"net\",\"status\":\"mocked\"}]"}}
[debug] [2022-04-12T18:05:38.461Z] [runtime-status] [715] Resolved module firebase-functions {"declared":true,"installed":true,"version":"3.16.0","resolution":"/mnt/d/projects/classdotio/functions/node_modules/firebase-functions/lib/index.js"} {"metadata":{"emulator":{"name":"functions"},"function":{"name":"app"},"message":"[runtime-status] [715] Resolved module firebase-functions {\"declared\":true,\"installed\":true,\"version\":\"3.16.0\",\"resolution\":\"/mnt/d/projects/classdotio/functions/node_modules/firebase-functions/lib/index.js\"}"}}
[debug] [2022-04-12T18:05:38.503Z] [runtime-status] [715] Checked functions.config() {"config":{}} {"metadata":{"emulator":{"name":"functions"},"function":{"name":"app"},"message":"[runtime-status] [715] Checked functions.config() {\"config\":{}}"}}
[debug] [2022-04-12T18:05:38.504Z] [runtime-status] [715] firebase-functions has been stubbed. {"functionsResolution":{"declared":true,"installed":true,"version":"3.16.0","resolution":"/mnt/d/projects/classdotio/functions/node_modules/firebase-functions/lib/index.js"}} {"metadata":{"emulator":{"name":"functions"},"function":{"name":"app"},"message":"[runtime-status] [715] firebase-functions has been stubbed. {\"functionsResolution\":{\"declared\":true,\"installed\":true,\"version\":\"3.16.0\",\"resolution\":\"/mnt/d/projects/classdotio/functions/node_modules/firebase-functions/lib/index.js\"}}"}}
[debug] [2022-04-12T18:05:38.506Z] [runtime-status] [715] Resolved module firebase-functions {"declared":true,"installed":true,"version":"3.16.0","resolution":"/mnt/d/projects/classdotio/functions/node_modules/firebase-functions/lib/index.js"} {"metadata":{"emulator":{"name":"functions"},"function":{"name":"app"},"message":"[runtime-status] [715] Resolved module firebase-functions {\"declared\":true,\"installed\":true,\"version\":\"3.16.0\",\"resolution\":\"/mnt/d/projects/classdotio/functions/node_modules/firebase-functions/lib/index.js\"}"}}
[debug] [2022-04-12T18:05:38.507Z] [runtime-status] [715] Resolved module firebase-admin {"declared":true,"installed":true,"version":"9.12.0","resolution":"/mnt/d/projects/classdotio/functions/node_modules/firebase-admin/lib/index.js"} {"metadata":{"emulator":{"name":"functions"},"function":{"name":"app"},"message":"[runtime-status] [715] Resolved module firebase-admin {\"declared\":true,\"installed\":true,\"version\":\"9.12.0\",\"resolution\":\"/mnt/d/projects/classdotio/functions/node_modules/firebase-admin/lib/index.js\"}"}}
[debug] [2022-04-12T18:05:38.507Z] [runtime-status] [715] Resolved module firebase-functions {"declared":true,"installed":true,"version":"3.16.0","resolution":"/mnt/d/projects/classdotio/functions/node_modules/firebase-functions/lib/index.js"} {"metadata":{"emulator":{"name":"functions"},"function":{"name":"app"},"message":"[runtime-status] [715] Resolved module firebase-functions {\"declared\":true,\"installed\":true,\"version\":\"3.16.0\",\"resolution\":\"/mnt/d/projects/classdotio/functions/node_modules/firebase-functions/lib/index.js\"}"}}
[debug] [2022-04-12T18:05:38.507Z] [runtime-status] [715] firebase-admin has been stubbed. {"adminResolution":{"declared":true,"installed":true,"version":"9.12.0","resolution":"/mnt/d/projects/classdotio/functions/node_modules/firebase-admin/lib/index.js"}} {"metadata":{"emulator":{"name":"functions"},"function":{"name":"app"},"message":"[runtime-status] [715] firebase-admin has been stubbed. {\"adminResolution\":{\"declared\":true,\"installed\":true,\"version\":\"9.12.0\",\"resolution\":\"/mnt/d/projects/classdotio/functions/node_modules/firebase-admin/lib/index.js\"}}"}}
[debug] [2022-04-12T18:05:38.614Z] [runtime-status] [715] Trigger "app" has been found, beginning invocation! {"metadata":{"emulator":{"name":"functions"},"function":{"name":"app"},"message":"[runtime-status] [715] Trigger \"app\" has been found, beginning invocation!"}}
[info] i  functions: Beginning execution of "app" {"metadata":{"emulator":{"name":"functions"},"function":{"name":"app"},"message":"Beginning execution of \"app\""}}
[debug] [2022-04-12T18:05:38.616Z] [runtime-status] [715] triggerDefinition {"httpsTrigger":{},"name":"app","entryPoint":"app"} {"metadata":{"emulator":{"name":"functions"},"function":{"name":"app"},"message":"[runtime-status] [715] triggerDefinition {\"httpsTrigger\":{},\"name\":\"app\",\"entryPoint\":\"app\"}"}}
[debug] [2022-04-12T18:05:38.616Z] [runtime-status] [715] Running app in mode HTTPS {"metadata":{"emulator":{"name":"functions"},"function":{"name":"app"},"message":"[runtime-status] [715] Running app in mode HTTPS"}}
[debug] [2022-04-12T18:05:38.619Z] [runtime-status] [715] Attempting to listen to socketPath: /tmp/fire_emu_715.sock {"metadata":{"emulator":{"name":"functions"},"function":{"name":"app"},"message":"[runtime-status] [715] Attempting to listen to socketPath: /tmp/fire_emu_715.sock"}}
[warn] ⚠  functions: Error: listen EADDRINUSE: address already in use /tmp/fire_emu_715.sock
    at Server.setupListenHandle [as _listen2] (node:net:1317:21)
    at listenInCluster (node:net:1382:12)
    at Server.listen (node:net:1480:5)
    at Function.listen (/mnt/c/nodejs/nvm/v12.18.3/node_modules/firebase-tools/node_modules/express/lib/application.js:618:24)
    at /mnt/c/nodejs/nvm/v12.18.3/node_modules/firebase-tools/lib/emulator/functionsEmulatorRuntime.js:554:42
    at new Promise (<anonymous>)
    at processHTTPS (/mnt/c/nodejs/nvm/v12.18.3/node_modules/firebase-tools/lib/emulator/functionsEmulatorRuntime.js:511:11)
    at invokeTrigger (/mnt/c/nodejs/nvm/v12.18.3/node_modules/firebase-tools/lib/emulator/functionsEmulatorRuntime.js:648:19)
    at handleMessage (/mnt/c/nodejs/nvm/v12.18.3/node_modules/firebase-tools/lib/emulator/functionsEmulatorRuntime.js:732:15)
    at processTicksAndRejections (node:internal/process/task_queues:96:5) {"metadata":{"emulator":{"name":"functions"},"function":{"name":"app"},"message":"Error: listen EADDRINUSE: address already in use /tmp/fire_emu_715.sock\n    at Server.setupListenHandle [as _listen2] (node:net:1317:21)\n    at listenInCluster (node:net:1382:12)\n    at Server.listen (node:net:1480:5)\n    at Function.listen (/mnt/c/nodejs/nvm/v12.18.3/node_modules/firebase-tools/node_modules/express/lib/application.js:618:24)\n    at /mnt/c/nodejs/nvm/v12.18.3/node_modules/firebase-tools/lib/emulator/functionsEmulatorRuntime.js:554:42\n    at new Promise (<anonymous>)\n    at processHTTPS (/mnt/c/nodejs/nvm/v12.18.3/node_modules/firebase-tools/lib/emulator/functionsEmulatorRuntime.js:511:11)\n    at invokeTrigger (/mnt/c/nodejs/nvm/v12.18.3/node_modules/firebase-tools/lib/emulator/functionsEmulatorRuntime.js:648:19)\n    at handleMessage (/mnt/c/nodejs/nvm/v12.18.3/node_modules/firebase-tools/lib/emulator/functionsEmulatorRuntime.js:732:15)\n    at processTicksAndRejections (node:internal/process/task_queues:96:5)"}}
[warn] ⚠  Your function was killed because it raised an unhandled error. {"metadata":{"emulator":{"name":"functions"},"function":{"name":"app"},"message":"Your function was killed because it raised an unhandled error."}}
[debug] [2022-04-12T18:05:38.629Z] [worker-app-f5e25e48-112d-4307-a884-c61ddcb25d4b]: exited {"metadata":{"emulator":{"name":"functions"},"message":"[worker-app-f5e25e48-112d-4307-a884-c61ddcb25d4b]: exited"}}
[debug] [2022-04-12T18:05:38.629Z] [worker-app-f5e25e48-112d-4307-a884-c61ddcb25d4b]: FINISHED {"metadata":{"emulator":{"name":"functions"},"message":"[worker-app-f5e25e48-112d-4307-a884-c61ddcb25d4b]: FINISHED"}}
[debug] [2022-04-12T18:06:44.918Z] [worker-~diagnostic~-56d27d09-d340-4f40-b81f-90311e81d91a]: exited {"metadata":{"emulator":{"name":"functions"},"message":"[worker-~diagnostic~-56d27d09-d340-4f40-b81f-90311e81d91a]: exited"}}
[debug] [2022-04-12T18:06:44.919Z] [worker-~diagnostic~-56d27d09-d340-4f40-b81f-90311e81d91a]: FINISHED {"metadata":{"emulator":{"name":"functions"},"message":"[worker-~diagnostic~-56d27d09-d340-4f40-b81f-90311e81d91a]: FINISHED"}}
[debug] [2022-04-12T18:06:57.912Z] ----------------------------------------------------------------------
[debug] [2022-04-12T18:06:57.913Z] Command:       /home/mikal/.nvm/versions/node/v16.13.2/bin/node /mnt/c/Program Files/nodejs/node_modules/firebase-tools/lib/bin/firebase.js serve
[debug] [2022-04-12T18:06:57.914Z] CLI Version:   9.3.0
[debug] [2022-04-12T18:06:57.914Z] Platform:      linux
[debug] [2022-04-12T18:06:57.914Z] Node Version:  v16.13.2
[debug] [2022-04-12T18:06:57.915Z] Time:          Tue Apr 12 2022 14:06:57 GMT-0400 (Eastern Daylight Time)
[debug] [2022-04-12T18:06:57.915Z] ----------------------------------------------------------------------
[debug] [2022-04-12T18:06:57.915Z] 
[debug] [2022-04-12T18:06:57.921Z] > command requires scopes: ["email","openid","https://www.googleapis.com/auth/cloudplatformprojects.readonly","https://www.googleapis.com/auth/firebase","https://www.googleapis.com/auth/cloud-platform"]
[debug] [2022-04-12T18:06:57.922Z] > authorizing via signed-in user
[debug] [2022-04-12T18:06:57.922Z] [iam] checking project classdotio-7a498 for permissions ["firebase.projects.get"]
[debug] [2022-04-12T18:06:57.924Z] > refreshing access token with scopes: ["email","https://www.googleapis.com/auth/cloud-platform","https://www.googleapis.com/auth/cloudplatformprojects.readonly","https://www.googleapis.com/auth/firebase","openid"]
[debug] [2022-04-12T18:06:57.924Z] >>> HTTP REQUEST POST https://www.googleapis.com/oauth2/v3/token  
 <request body omitted>
[debug] [2022-04-12T18:06:58.067Z] <<< HTTP RESPONSE 200 {"cache-control":"no-cache, no-store, max-age=0, must-revalidate","pragma":"no-cache","date":"Tue, 12 Apr 2022 18:06:58 GMT","expires":"Mon, 01 Jan 1990 00:00:00 GMT","content-type":"application/json; charset=utf-8","vary":"X-Origin, Referer, Origin,Accept-Encoding","server":"scaffolding on HTTPServer2","x-xss-protection":"0","x-frame-options":"SAMEORIGIN","x-content-type-options":"nosniff","alt-svc":"h3=\":443\"; ma=2592000,h3-29=\":443\"; ma=2592000,h3-Q050=\":443\"; ma=2592000,h3-Q046=\":443\"; ma=2592000,h3-Q043=\":443\"; ma=2592000,quic=\":443\"; ma=2592000; v=\"46,43\"","accept-ranges":"none","transfer-encoding":"chunked"}
[debug] [2022-04-12T18:06:58.072Z] >>> HTTP REQUEST POST https://cloudresourcemanager.googleapis.com/v1/projects/classdotio-7a498:testIamPermissions  
 {"permissions":["firebase.projects.get"]}
[debug] [2022-04-12T18:06:58.210Z] <<< HTTP RESPONSE 200 {"content-type":"application/json; charset=UTF-8","vary":"X-Origin, Referer, Origin,Accept-Encoding","date":"Tue, 12 Apr 2022 18:06:58 GMT","server":"ESF","cache-control":"private","x-xss-protection":"0","x-frame-options":"SAMEORIGIN","x-content-type-options":"nosniff","server-timing":"gfet4t7; dur=46","alt-svc":"h3=\":443\"; ma=2592000,h3-29=\":443\"; ma=2592000,h3-Q050=\":443\"; ma=2592000,h3-Q046=\":443\"; ma=2592000,h3-Q043=\":443\"; ma=2592000,quic=\":443\"; ma=2592000; v=\"46,43\"","accept-ranges":"none","transfer-encoding":"chunked"}
[debug] [2022-04-12T18:06:58.211Z] > refreshing access token with scopes: []
[debug] [2022-04-12T18:06:58.212Z] >>> HTTP REQUEST POST https://www.googleapis.com/oauth2/v3/token  
 <request body omitted>
[debug] [2022-04-12T18:06:58.319Z] <<< HTTP RESPONSE 200 {"pragma":"no-cache","cache-control":"no-cache, no-store, max-age=0, must-revalidate","date":"Tue, 12 Apr 2022 18:06:58 GMT","expires":"Mon, 01 Jan 1990 00:00:00 GMT","content-type":"application/json; charset=utf-8","vary":"X-Origin, Referer, Origin,Accept-Encoding","server":"scaffolding on HTTPServer2","x-xss-protection":"0","x-frame-options":"SAMEORIGIN","x-content-type-options":"nosniff","alt-svc":"h3=\":443\"; ma=2592000,h3-29=\":443\"; ma=2592000,h3-Q050=\":443\"; ma=2592000,h3-Q046=\":443\"; ma=2592000,h3-Q043=\":443\"; ma=2592000,quic=\":443\"; ma=2592000; v=\"46,43\"","accept-ranges":"none","transfer-encoding":"chunked"}
[debug] [2022-04-12T18:06:58.328Z] >>> [apiv2][query] GET https://firebase.googleapis.com/v1beta1/projects/classdotio-7a498 [none]
[debug] [2022-04-12T18:06:58.604Z] <<< [apiv2][status] GET https://firebase.googleapis.com/v1beta1/projects/classdotio-7a498 200
[debug] [2022-04-12T18:06:58.604Z] <<< [apiv2][body] GET https://firebase.googleapis.com/v1beta1/projects/classdotio-7a498 {"projectId":"classdotio-7a498","projectNumber":"992611827789","displayName":"classdotio","name":"projects/classdotio-7a498","resources":{"hostingSite":"classdotio-7a498","storageBucket":"classdotio-7a498.appspot.com","locationId":"us-central"},"state":"ACTIVE"}
[info] 
[info] === Serving from '/mnt/d/projects/classdotio'...
[info] 
[debug] [2022-04-12T18:06:58.607Z] >>> [apiv2][query] GET https://firebase.googleapis.com/v1beta1/projects/classdotio-7a498/webApps/-/config [none]
[info] ✔  functions: Using node@16 from host. {"metadata":{"emulator":{"name":"functions"},"message":"Using node@16 from host."}}
[debug] [2022-04-12T18:06:59.234Z] defaultcredentials: writing to file /home/mikal/.config/firebase/ventusboy13_gmail_com_application_default_credentials.json
[debug] [2022-04-12T18:06:59.236Z] Setting GAC to /home/mikal/.config/firebase/ventusboy13_gmail_com_application_default_credentials.json {"metadata":{"emulator":{"name":"functions"},"message":"Setting GAC to /home/mikal/.config/firebase/ventusboy13_gmail_com_application_default_credentials.json"}}
[debug] [2022-04-12T18:06:59.237Z] >>> [apiv2][query] GET https://firebase.googleapis.com/v1beta1/projects/classdotio-7a498/adminSdkConfig [none]
[debug] [2022-04-12T18:06:59.486Z] <<< [apiv2][status] GET https://firebase.googleapis.com/v1beta1/projects/classdotio-7a498/adminSdkConfig 200
[debug] [2022-04-12T18:06:59.486Z] <<< [apiv2][body] GET https://firebase.googleapis.com/v1beta1/projects/classdotio-7a498/adminSdkConfig {"projectId":"classdotio-7a498","storageBucket":"classdotio-7a498.appspot.com","locationId":"us-central"}
[debug] [2022-04-12T18:06:59.549Z] <<< [apiv2][status] GET https://firebase.googleapis.com/v1beta1/projects/classdotio-7a498/webApps/-/config 200
[debug] [2022-04-12T18:06:59.549Z] <<< [apiv2][body] GET https://firebase.googleapis.com/v1beta1/projects/classdotio-7a498/webApps/-/config {"projectId":"classdotio-7a498","storageBucket":"classdotio-7a498.appspot.com","locationId":"us-central","apiKey":"AIzaSyA2wvTH6PWC8PuEGQk157HIlxMElJsC4YY","authDomain":"classdotio-7a498.firebaseapp.com","messagingSenderId":"992611827789"}
[info] i  functions: Watching "/mnt/d/projects/classdotio/functions" for Cloud Functions... {"metadata":{"emulator":{"name":"functions"},"message":"Watching \"/mnt/d/projects/classdotio/functions\" for Cloud Functions..."}}
[debug] [2022-04-12T18:07:00.193Z] [worker-pool] addWorker(~diagnostic~) {"metadata":{"emulator":{"name":"functions"},"message":"[worker-pool] addWorker(~diagnostic~)"}}
[debug] [2022-04-12T18:07:00.193Z] [worker-pool] Adding worker with key ~diagnostic~, total=1 {"metadata":{"emulator":{"name":"functions"},"message":"[worker-pool] Adding worker with key ~diagnostic~, total=1"}}
[debug] [2022-04-12T18:07:00.193Z] [worker-pool] submitWork(triggerId=) {"metadata":{"emulator":{"name":"functions"},"message":"[worker-pool] submitWork(triggerId=)"}}
[debug] [2022-04-12T18:07:00.194Z] [worker-~diagnostic~-1889e301-cc88-46d6-88de-548817ad2ae2]: Assigning socketPath: /tmp/fire_emu_740.sock {"metadata":{"emulator":{"name":"functions"},"message":"[worker-~diagnostic~-1889e301-cc88-46d6-88de-548817ad2ae2]: Assigning socketPath: /tmp/fire_emu_740.sock"}}
[debug] [2022-04-12T18:07:00.194Z] [worker-~diagnostic~-1889e301-cc88-46d6-88de-548817ad2ae2]: BUSY {"metadata":{"emulator":{"name":"functions"},"message":"[worker-~diagnostic~-1889e301-cc88-46d6-88de-548817ad2ae2]: BUSY"}}
[info] i  hosting: Serving hosting files from: public {"metadata":{"emulator":{"name":"hosting"},"message":"Serving hosting files from: \u001b[1mpublic\u001b[22m"}}
[info] ✔  hosting: Local server: http://localhost:5000 {"metadata":{"emulator":{"name":"hosting"},"message":"Local server: \u001b[4m\u001b[1mhttp://localhost:5000\u001b[22m\u001b[24m"}}
[debug] [2022-04-12T18:07:00.429Z] [runtime-status] [740] Functions runtime initialized. {"cwd":"/mnt/d/projects/classdotio/functions","node_version":"16.13.2"} {"metadata":{"emulator":{"name":"functions"},"message":"[runtime-status] [740] Functions runtime initialized. {\"cwd\":\"/mnt/d/projects/classdotio/functions\",\"node_version\":\"16.13.2\"}"}}
[debug] [2022-04-12T18:07:00.430Z] [runtime-status] [740] Disabled runtime features: undefined {"metadata":{"emulator":{"name":"functions"},"message":"[runtime-status] [740] Disabled runtime features: undefined"}}
[debug] [2022-04-12T18:07:00.432Z] [runtime-status] [740] Resolved module firebase-admin {"declared":true,"installed":true,"version":"9.12.0","resolution":"/mnt/d/projects/classdotio/functions/node_modules/firebase-admin/lib/index.js"} {"metadata":{"emulator":{"name":"functions"},"message":"[runtime-status] [740] Resolved module firebase-admin {\"declared\":true,\"installed\":true,\"version\":\"9.12.0\",\"resolution\":\"/mnt/d/projects/classdotio/functions/node_modules/firebase-admin/lib/index.js\"}"}}
[debug] [2022-04-12T18:07:00.434Z] [runtime-status] [740] Resolved module firebase-functions {"declared":true,"installed":true,"version":"3.16.0","resolution":"/mnt/d/projects/classdotio/functions/node_modules/firebase-functions/lib/index.js"} {"metadata":{"emulator":{"name":"functions"},"message":"[runtime-status] [740] Resolved module firebase-functions {\"declared\":true,\"installed\":true,\"version\":\"3.16.0\",\"resolution\":\"/mnt/d/projects/classdotio/functions/node_modules/firebase-functions/lib/index.js\"}"}}
[debug] [2022-04-12T18:07:00.436Z] [runtime-status] [740] Resolved module firebase-functions {"declared":true,"installed":true,"version":"3.16.0","resolution":"/mnt/d/projects/classdotio/functions/node_modules/firebase-functions/lib/index.js"} {"metadata":{"emulator":{"name":"functions"},"message":"[runtime-status] [740] Resolved module firebase-functions {\"declared\":true,\"installed\":true,\"version\":\"3.16.0\",\"resolution\":\"/mnt/d/projects/classdotio/functions/node_modules/firebase-functions/lib/index.js\"}"}}
[debug] [2022-04-12T18:07:00.437Z] [runtime-status] [740] Outgoing network have been stubbed. [{"name":"http","status":"mocked"},{"name":"http","status":"mocked"},{"name":"https","status":"mocked"},{"name":"https","status":"mocked"},{"name":"net","status":"mocked"}] {"metadata":{"emulator":{"name":"functions"},"message":"[runtime-status] [740] Outgoing network have been stubbed. [{\"name\":\"http\",\"status\":\"mocked\"},{\"name\":\"http\",\"status\":\"mocked\"},{\"name\":\"https\",\"status\":\"mocked\"},{\"name\":\"https\",\"status\":\"mocked\"},{\"name\":\"net\",\"status\":\"mocked\"}]"}}
[debug] [2022-04-12T18:07:00.438Z] [runtime-status] [740] Resolved module firebase-functions {"declared":true,"installed":true,"version":"3.16.0","resolution":"/mnt/d/projects/classdotio/functions/node_modules/firebase-functions/lib/index.js"} {"metadata":{"emulator":{"name":"functions"},"message":"[runtime-status] [740] Resolved module firebase-functions {\"declared\":true,\"installed\":true,\"version\":\"3.16.0\",\"resolution\":\"/mnt/d/projects/classdotio/functions/node_modules/firebase-functions/lib/index.js\"}"}}
[debug] [2022-04-12T18:07:00.479Z] [runtime-status] [740] Checked functions.config() {"config":{}} {"metadata":{"emulator":{"name":"functions"},"message":"[runtime-status] [740] Checked functions.config() {\"config\":{}}"}}
[debug] [2022-04-12T18:07:00.479Z] [runtime-status] [740] firebase-functions has been stubbed. {"functionsResolution":{"declared":true,"installed":true,"version":"3.16.0","resolution":"/mnt/d/projects/classdotio/functions/node_modules/firebase-functions/lib/index.js"}} {"metadata":{"emulator":{"name":"functions"},"message":"[runtime-status] [740] firebase-functions has been stubbed. {\"functionsResolution\":{\"declared\":true,\"installed\":true,\"version\":\"3.16.0\",\"resolution\":\"/mnt/d/projects/classdotio/functions/node_modules/firebase-functions/lib/index.js\"}}"}}
[debug] [2022-04-12T18:07:00.482Z] [runtime-status] [740] Resolved module firebase-functions {"declared":true,"installed":true,"version":"3.16.0","resolution":"/mnt/d/projects/classdotio/functions/node_modules/firebase-functions/lib/index.js"} {"metadata":{"emulator":{"name":"functions"},"message":"[runtime-status] [740] Resolved module firebase-functions {\"declared\":true,\"installed\":true,\"version\":\"3.16.0\",\"resolution\":\"/mnt/d/projects/classdotio/functions/node_modules/firebase-functions/lib/index.js\"}"}}
[debug] [2022-04-12T18:07:00.483Z] [runtime-status] [740] Resolved module firebase-admin {"declared":true,"installed":true,"version":"9.12.0","resolution":"/mnt/d/projects/classdotio/functions/node_modules/firebase-admin/lib/index.js"} {"metadata":{"emulator":{"name":"functions"},"message":"[runtime-status] [740] Resolved module firebase-admin {\"declared\":true,\"installed\":true,\"version\":\"9.12.0\",\"resolution\":\"/mnt/d/projects/classdotio/functions/node_modules/firebase-admin/lib/index.js\"}"}}
[debug] [2022-04-12T18:07:00.483Z] [runtime-status] [740] Resolved module firebase-functions {"declared":true,"installed":true,"version":"3.16.0","resolution":"/mnt/d/projects/classdotio/functions/node_modules/firebase-functions/lib/index.js"} {"metadata":{"emulator":{"name":"functions"},"message":"[runtime-status] [740] Resolved module firebase-functions {\"declared\":true,\"installed\":true,\"version\":\"3.16.0\",\"resolution\":\"/mnt/d/projects/classdotio/functions/node_modules/firebase-functions/lib/index.js\"}"}}
[debug] [2022-04-12T18:07:00.483Z] [runtime-status] [740] firebase-admin has been stubbed. {"adminResolution":{"declared":true,"installed":true,"version":"9.12.0","resolution":"/mnt/d/projects/classdotio/functions/node_modules/firebase-admin/lib/index.js"}} {"metadata":{"emulator":{"name":"functions"},"message":"[runtime-status] [740] firebase-admin has been stubbed. {\"adminResolution\":{\"declared\":true,\"installed\":true,\"version\":\"9.12.0\",\"resolution\":\"/mnt/d/projects/classdotio/functions/node_modules/firebase-admin/lib/index.js\"}}"}}
[info] ✔  functions[app]: http function initialized (http://localhost:5001/classdotio-7a498/us-central1/app). {"metadata":{"emulator":{"name":"functions"},"message":"\u001b[1mhttp\u001b[22m function initialized (http://localhost:5001/classdotio-7a498/us-central1/app)."}}
[debug] [2022-04-12T18:07:00.596Z] [worker-~diagnostic~-1889e301-cc88-46d6-88de-548817ad2ae2]: IDLE {"metadata":{"emulator":{"name":"functions"},"message":"[worker-~diagnostic~-1889e301-cc88-46d6-88de-548817ad2ae2]: IDLE"}}
[debug] [2022-04-12T18:07:11.909Z] [work-queue] {"queueLength":1,"workRunningCount":0}
[debug] [2022-04-12T18:07:11.909Z] [work-queue] {"queueLength":0,"workRunningCount":1}
[debug] [2022-04-12T18:07:11.909Z] Accepted request POST /classdotio-7a498/us-central1/app/getUserInfo --> app
[debug] [2022-04-12T18:07:12.528Z] [worker-pool] addWorker(app) {"metadata":{"emulator":{"name":"functions"},"message":"[worker-pool] addWorker(app)"}}
[debug] [2022-04-12T18:07:12.528Z] [worker-pool] Adding worker with key app, total=1 {"metadata":{"emulator":{"name":"functions"},"message":"[worker-pool] Adding worker with key app, total=1"}}
[debug] [2022-04-12T18:07:12.528Z] [worker-pool] submitWork(triggerId=app) {"metadata":{"emulator":{"name":"functions"},"message":"[worker-pool] submitWork(triggerId=app)"}}
[debug] [2022-04-12T18:07:12.529Z] [worker-app-7a4cc6a8-3164-4c86-82f7-3e9b3114470c]: Assigning socketPath: /tmp/fire_emu_778.sock {"metadata":{"emulator":{"name":"functions"},"message":"[worker-app-7a4cc6a8-3164-4c86-82f7-3e9b3114470c]: Assigning socketPath: /tmp/fire_emu_778.sock"}}
[debug] [2022-04-12T18:07:12.529Z] [worker-app-7a4cc6a8-3164-4c86-82f7-3e9b3114470c]: BUSY {"metadata":{"emulator":{"name":"functions"},"message":"[worker-app-7a4cc6a8-3164-4c86-82f7-3e9b3114470c]: BUSY"}}
[debug] [2022-04-12T18:07:12.767Z] [runtime-status] [778] Functions runtime initialized. {"cwd":"/mnt/d/projects/classdotio/functions","node_version":"16.13.2"} {"metadata":{"emulator":{"name":"functions"},"function":{"name":"app"},"message":"[runtime-status] [778] Functions runtime initialized. {\"cwd\":\"/mnt/d/projects/classdotio/functions\",\"node_version\":\"16.13.2\"}"}}
[debug] [2022-04-12T18:07:12.768Z] [runtime-status] [778] Disabled runtime features: undefined {"metadata":{"emulator":{"name":"functions"},"function":{"name":"app"},"message":"[runtime-status] [778] Disabled runtime features: undefined"}}
[debug] [2022-04-12T18:07:12.770Z] [runtime-status] [778] Resolved module firebase-admin {"declared":true,"installed":true,"version":"9.12.0","resolution":"/mnt/d/projects/classdotio/functions/node_modules/firebase-admin/lib/index.js"} {"metadata":{"emulator":{"name":"functions"},"function":{"name":"app"},"message":"[runtime-status] [778] Resolved module firebase-admin {\"declared\":true,\"installed\":true,\"version\":\"9.12.0\",\"resolution\":\"/mnt/d/projects/classdotio/functions/node_modules/firebase-admin/lib/index.js\"}"}}
[debug] [2022-04-12T18:07:12.773Z] [runtime-status] [778] Resolved module firebase-functions {"declared":true,"installed":true,"version":"3.16.0","resolution":"/mnt/d/projects/classdotio/functions/node_modules/firebase-functions/lib/index.js"} {"metadata":{"emulator":{"name":"functions"},"function":{"name":"app"},"message":"[runtime-status] [778] Resolved module firebase-functions {\"declared\":true,\"installed\":true,\"version\":\"3.16.0\",\"resolution\":\"/mnt/d/projects/classdotio/functions/node_modules/firebase-functions/lib/index.js\"}"}}
[debug] [2022-04-12T18:07:12.774Z] [runtime-status] [778] Resolved module firebase-functions {"declared":true,"installed":true,"version":"3.16.0","resolution":"/mnt/d/projects/classdotio/functions/node_modules/firebase-functions/lib/index.js"} {"metadata":{"emulator":{"name":"functions"},"function":{"name":"app"},"message":"[runtime-status] [778] Resolved module firebase-functions {\"declared\":true,\"installed\":true,\"version\":\"3.16.0\",\"resolution\":\"/mnt/d/projects/classdotio/functions/node_modules/firebase-functions/lib/index.js\"}"}}
[debug] [2022-04-12T18:07:12.776Z] [runtime-status] [778] Outgoing network have been stubbed. [{"name":"http","status":"mocked"},{"name":"http","status":"mocked"},{"name":"https","status":"mocked"},{"name":"https","status":"mocked"},{"name":"net","status":"mocked"}] {"metadata":{"emulator":{"name":"functions"},"function":{"name":"app"},"message":"[runtime-status] [778] Outgoing network have been stubbed. [{\"name\":\"http\",\"status\":\"mocked\"},{\"name\":\"http\",\"status\":\"mocked\"},{\"name\":\"https\",\"status\":\"mocked\"},{\"name\":\"https\",\"status\":\"mocked\"},{\"name\":\"net\",\"status\":\"mocked\"}]"}}
[debug] [2022-04-12T18:07:12.777Z] [runtime-status] [778] Resolved module firebase-functions {"declared":true,"installed":true,"version":"3.16.0","resolution":"/mnt/d/projects/classdotio/functions/node_modules/firebase-functions/lib/index.js"} {"metadata":{"emulator":{"name":"functions"},"function":{"name":"app"},"message":"[runtime-status] [778] Resolved module firebase-functions {\"declared\":true,\"installed\":true,\"version\":\"3.16.0\",\"resolution\":\"/mnt/d/projects/classdotio/functions/node_modules/firebase-functions/lib/index.js\"}"}}
[debug] [2022-04-12T18:07:12.818Z] [runtime-status] [778] Checked functions.config() {"config":{}} {"metadata":{"emulator":{"name":"functions"},"function":{"name":"app"},"message":"[runtime-status] [778] Checked functions.config() {\"config\":{}}"}}
[debug] [2022-04-12T18:07:12.818Z] [runtime-status] [778] firebase-functions has been stubbed. {"functionsResolution":{"declared":true,"installed":true,"version":"3.16.0","resolution":"/mnt/d/projects/classdotio/functions/node_modules/firebase-functions/lib/index.js"}} {"metadata":{"emulator":{"name":"functions"},"function":{"name":"app"},"message":"[runtime-status] [778] firebase-functions has been stubbed. {\"functionsResolution\":{\"declared\":true,\"installed\":true,\"version\":\"3.16.0\",\"resolution\":\"/mnt/d/projects/classdotio/functions/node_modules/firebase-functions/lib/index.js\"}}"}}
[debug] [2022-04-12T18:07:12.820Z] [runtime-status] [778] Resolved module firebase-functions {"declared":true,"installed":true,"version":"3.16.0","resolution":"/mnt/d/projects/classdotio/functions/node_modules/firebase-functions/lib/index.js"} {"metadata":{"emulator":{"name":"functions"},"function":{"name":"app"},"message":"[runtime-status] [778] Resolved module firebase-functions {\"declared\":true,\"installed\":true,\"version\":\"3.16.0\",\"resolution\":\"/mnt/d/projects/classdotio/functions/node_modules/firebase-functions/lib/index.js\"}"}}
[debug] [2022-04-12T18:07:12.822Z] [runtime-status] [778] Resolved module firebase-admin {"declared":true,"installed":true,"version":"9.12.0","resolution":"/mnt/d/projects/classdotio/functions/node_modules/firebase-admin/lib/index.js"} {"metadata":{"emulator":{"name":"functions"},"function":{"name":"app"},"message":"[runtime-status] [778] Resolved module firebase-admin {\"declared\":true,\"installed\":true,\"version\":\"9.12.0\",\"resolution\":\"/mnt/d/projects/classdotio/functions/node_modules/firebase-admin/lib/index.js\"}"}}
[debug] [2022-04-12T18:07:12.822Z] [runtime-status] [778] Resolved module firebase-functions {"declared":true,"installed":true,"version":"3.16.0","resolution":"/mnt/d/projects/classdotio/functions/node_modules/firebase-functions/lib/index.js"} {"metadata":{"emulator":{"name":"functions"},"function":{"name":"app"},"message":"[runtime-status] [778] Resolved module firebase-functions {\"declared\":true,\"installed\":true,\"version\":\"3.16.0\",\"resolution\":\"/mnt/d/projects/classdotio/functions/node_modules/firebase-functions/lib/index.js\"}"}}
[debug] [2022-04-12T18:07:12.822Z] [runtime-status] [778] firebase-admin has been stubbed. {"adminResolution":{"declared":true,"installed":true,"version":"9.12.0","resolution":"/mnt/d/projects/classdotio/functions/node_modules/firebase-admin/lib/index.js"}} {"metadata":{"emulator":{"name":"functions"},"function":{"name":"app"},"message":"[runtime-status] [778] firebase-admin has been stubbed. {\"adminResolution\":{\"declared\":true,\"installed\":true,\"version\":\"9.12.0\",\"resolution\":\"/mnt/d/projects/classdotio/functions/node_modules/firebase-admin/lib/index.js\"}}"}}
[debug] [2022-04-12T18:07:12.926Z] [runtime-status] [778] Trigger "app" has been found, beginning invocation! {"metadata":{"emulator":{"name":"functions"},"function":{"name":"app"},"message":"[runtime-status] [778] Trigger \"app\" has been found, beginning invocation!"}}
[info] i  functions: Beginning execution of "app" {"metadata":{"emulator":{"name":"functions"},"function":{"name":"app"},"message":"Beginning execution of \"app\""}}
[debug] [2022-04-12T18:07:12.927Z] [runtime-status] [778] triggerDefinition {"httpsTrigger":{},"name":"app","entryPoint":"app"} {"metadata":{"emulator":{"name":"functions"},"function":{"name":"app"},"message":"[runtime-status] [778] triggerDefinition {\"httpsTrigger\":{},\"name\":\"app\",\"entryPoint\":\"app\"}"}}
[debug] [2022-04-12T18:07:12.927Z] [runtime-status] [778] Running app in mode HTTPS {"metadata":{"emulator":{"name":"functions"},"function":{"name":"app"},"message":"[runtime-status] [778] Running app in mode HTTPS"}}
[debug] [2022-04-12T18:07:12.930Z] [runtime-status] [778] Attempting to listen to socketPath: /tmp/fire_emu_778.sock {"metadata":{"emulator":{"name":"functions"},"function":{"name":"app"},"message":"[runtime-status] [778] Attempting to listen to socketPath: /tmp/fire_emu_778.sock"}}
[debug] [2022-04-12T18:07:12.935Z] [functions] Runtime ready! Sending request! {"metadata":{"emulator":{"name":"functions"},"message":"[functions] Runtime ready! Sending request!"}}
[debug] [2022-04-12T18:07:12.935Z] [functions] Got req.url=/classdotio-7a498/us-central1/app/getUserInfo, mapping to path=/getUserInfo {"metadata":{"emulator":{"name":"functions"},"message":"[functions] Got req.url=/classdotio-7a498/us-central1/app/getUserInfo, mapping to path=/getUserInfo"}}
[debug] [2022-04-12T18:07:12.940Z] [runtime-status] [778] Ephemeral server handling POST request {"metadata":{"emulator":{"name":"functions"},"function":{"name":"app"},"message":"[runtime-status] [778] Ephemeral server handling POST request"}}
[debug] [2022-04-12T18:07:12.944Z] [runtime-status] [778] Ephemeral server survived. {"metadata":{"emulator":{"name":"functions"},"function":{"name":"app"},"message":"[runtime-status] [778] Ephemeral server survived."}}
[warn] ⚠  Google API requested!
   - URL: "https://oauth2.googleapis.com/token"
   - Be careful, this may be a production service. {"metadata":{"emulator":{"name":"functions"},"function":{"name":"app"},"message":"Google API requested!\n   - URL: \"https://oauth2.googleapis.com/token\"\n   - Be careful, this may be a production service."}}
[info] i  functions: Finished "app" in ~1s {"metadata":{"emulator":{"name":"functions"},"function":{"name":"app"},"message":"Finished \"app\" in ~1s"}}
[debug] [2022-04-12T18:07:18.734Z] [worker-app-7a4cc6a8-3164-4c86-82f7-3e9b3114470c]: IDLE {"metadata":{"emulator":{"name":"functions"},"message":"[worker-app-7a4cc6a8-3164-4c86-82f7-3e9b3114470c]: IDLE"}}
[debug] [2022-04-12T18:07:18.734Z] [work-queue] {"queueLength":0,"workRunningCount":0}
[debug] [2022-04-12T18:08:25.810Z] [work-queue] {"queueLength":1,"workRunningCount":0}
[debug] [2022-04-12T18:08:25.810Z] [work-queue] {"queueLength":0,"workRunningCount":1}
[debug] [2022-04-12T18:08:25.810Z] Accepted request POST /classdotio-7a498/us-central1/app/getUserInfo --> app
[debug] [2022-04-12T18:08:25.810Z] [worker-pool] submitWork(triggerId=app) {"metadata":{"emulator":{"name":"functions"},"message":"[worker-pool] submitWork(triggerId=app)"}}
[debug] [2022-04-12T18:08:25.810Z] [worker-app-7a4cc6a8-3164-4c86-82f7-3e9b3114470c]: Assigning socketPath: /tmp/fire_emu_778.sock {"metadata":{"emulator":{"name":"functions"},"message":"[worker-app-7a4cc6a8-3164-4c86-82f7-3e9b3114470c]: Assigning socketPath: /tmp/fire_emu_778.sock"}}
[debug] [2022-04-12T18:08:25.810Z] [worker-app-7a4cc6a8-3164-4c86-82f7-3e9b3114470c]: BUSY {"metadata":{"emulator":{"name":"functions"},"message":"[worker-app-7a4cc6a8-3164-4c86-82f7-3e9b3114470c]: BUSY"}}
[debug] [2022-04-12T18:08:25.811Z] [runtime-status] [778] Trigger "app" has been found, beginning invocation! {"metadata":{"emulator":{"name":"functions"},"function":{"name":"app"},"message":"[runtime-status] [778] Trigger \"app\" has been found, beginning invocation!"}}
[info] i  functions: Beginning execution of "app" {"metadata":{"emulator":{"name":"functions"},"function":{"name":"app"},"message":"Beginning execution of \"app\""}}
[debug] [2022-04-12T18:08:25.812Z] [runtime-status] [778] triggerDefinition {"httpsTrigger":{},"name":"app","entryPoint":"app"} {"metadata":{"emulator":{"name":"functions"},"function":{"name":"app"},"message":"[runtime-status] [778] triggerDefinition {\"httpsTrigger\":{},\"name\":\"app\",\"entryPoint\":\"app\"}"}}
[debug] [2022-04-12T18:08:25.812Z] [runtime-status] [778] Running app in mode HTTPS {"metadata":{"emulator":{"name":"functions"},"function":{"name":"app"},"message":"[runtime-status] [778] Running app in mode HTTPS"}}
[debug] [2022-04-12T18:08:25.812Z] [runtime-status] [778] Attempting to listen to socketPath: /tmp/fire_emu_778.sock {"metadata":{"emulator":{"name":"functions"},"function":{"name":"app"},"message":"[runtime-status] [778] Attempting to listen to socketPath: /tmp/fire_emu_778.sock"}}
[debug] [2022-04-12T18:08:25.814Z] [functions] Runtime ready! Sending request! {"metadata":{"emulator":{"name":"functions"},"message":"[functions] Runtime ready! Sending request!"}}
[debug] [2022-04-12T18:08:25.814Z] [functions] Got req.url=/classdotio-7a498/us-central1/app/getUserInfo, mapping to path=/getUserInfo {"metadata":{"emulator":{"name":"functions"},"message":"[functions] Got req.url=/classdotio-7a498/us-central1/app/getUserInfo, mapping to path=/getUserInfo"}}
[debug] [2022-04-12T18:08:25.817Z] [runtime-status] [778] Ephemeral server handling POST request {"metadata":{"emulator":{"name":"functions"},"function":{"name":"app"},"message":"[runtime-status] [778] Ephemeral server handling POST request"}}
[debug] [2022-04-12T18:08:25.818Z] [runtime-status] [778] Ephemeral server survived. {"metadata":{"emulator":{"name":"functions"},"function":{"name":"app"},"message":"[runtime-status] [778] Ephemeral server survived."}}
[info] i  functions: Finished "app" in ~1s {"metadata":{"emulator":{"name":"functions"},"function":{"name":"app"},"message":"Finished \"app\" in ~1s"}}
[debug] [2022-04-12T18:08:25.938Z] [worker-app-7a4cc6a8-3164-4c86-82f7-3e9b3114470c]: IDLE {"metadata":{"emulator":{"name":"functions"},"message":"[worker-app-7a4cc6a8-3164-4c86-82f7-3e9b3114470c]: IDLE"}}
[debug] [2022-04-12T18:08:25.938Z] [work-queue] {"queueLength":0,"workRunningCount":0}
[debug] [2022-04-12T18:49:47.662Z] [work-queue] {"queueLength":1,"workRunningCount":0}
[debug] [2022-04-12T18:49:47.662Z] [work-queue] {"queueLength":0,"workRunningCount":1}
[debug] [2022-04-12T18:49:47.662Z] Accepted request POST /classdotio-7a498/us-central1/app/getUserInfo --> app
[debug] [2022-04-12T18:49:47.662Z] [worker-pool] submitWork(triggerId=app) {"metadata":{"emulator":{"name":"functions"},"message":"[worker-pool] submitWork(triggerId=app)"}}
[debug] [2022-04-12T18:49:47.662Z] [worker-app-7a4cc6a8-3164-4c86-82f7-3e9b3114470c]: Assigning socketPath: /tmp/fire_emu_778.sock {"metadata":{"emulator":{"name":"functions"},"message":"[worker-app-7a4cc6a8-3164-4c86-82f7-3e9b3114470c]: Assigning socketPath: /tmp/fire_emu_778.sock"}}
[debug] [2022-04-12T18:49:47.662Z] [worker-app-7a4cc6a8-3164-4c86-82f7-3e9b3114470c]: BUSY {"metadata":{"emulator":{"name":"functions"},"message":"[worker-app-7a4cc6a8-3164-4c86-82f7-3e9b3114470c]: BUSY"}}
[debug] [2022-04-12T18:49:47.663Z] [runtime-status] [778] Trigger "app" has been found, beginning invocation! {"metadata":{"emulator":{"name":"functions"},"function":{"name":"app"},"message":"[runtime-status] [778] Trigger \"app\" has been found, beginning invocation!"}}
[info] i  functions: Beginning execution of "app" {"metadata":{"emulator":{"name":"functions"},"function":{"name":"app"},"message":"Beginning execution of \"app\""}}
[debug] [2022-04-12T18:49:47.664Z] [runtime-status] [778] triggerDefinition {"httpsTrigger":{},"name":"app","entryPoint":"app"} {"metadata":{"emulator":{"name":"functions"},"function":{"name":"app"},"message":"[runtime-status] [778] triggerDefinition {\"httpsTrigger\":{},\"name\":\"app\",\"entryPoint\":\"app\"}"}}
[debug] [2022-04-12T18:49:47.664Z] [runtime-status] [778] Running app in mode HTTPS {"metadata":{"emulator":{"name":"functions"},"function":{"name":"app"},"message":"[runtime-status] [778] Running app in mode HTTPS"}}
[debug] [2022-04-12T18:49:47.664Z] [runtime-status] [778] Attempting to listen to socketPath: /tmp/fire_emu_778.sock {"metadata":{"emulator":{"name":"functions"},"function":{"name":"app"},"message":"[runtime-status] [778] Attempting to listen to socketPath: /tmp/fire_emu_778.sock"}}
[debug] [2022-04-12T18:49:47.665Z] [functions] Runtime ready! Sending request! {"metadata":{"emulator":{"name":"functions"},"message":"[functions] Runtime ready! Sending request!"}}
[debug] [2022-04-12T18:49:47.666Z] [functions] Got req.url=/classdotio-7a498/us-central1/app/getUserInfo, mapping to path=/getUserInfo {"metadata":{"emulator":{"name":"functions"},"message":"[functions] Got req.url=/classdotio-7a498/us-central1/app/getUserInfo, mapping to path=/getUserInfo"}}
[debug] [2022-04-12T18:49:47.668Z] [runtime-status] [778] Ephemeral server handling POST request {"metadata":{"emulator":{"name":"functions"},"function":{"name":"app"},"message":"[runtime-status] [778] Ephemeral server handling POST request"}}
[debug] [2022-04-12T18:49:47.669Z] [runtime-status] [778] Ephemeral server survived. {"metadata":{"emulator":{"name":"functions"},"function":{"name":"app"},"message":"[runtime-status] [778] Ephemeral server survived."}}
[info] i  functions: Finished "app" in ~1s {"metadata":{"emulator":{"name":"functions"},"function":{"name":"app"},"message":"Finished \"app\" in ~1s"}}
[debug] [2022-04-12T18:49:47.992Z] [worker-app-7a4cc6a8-3164-4c86-82f7-3e9b3114470c]: IDLE {"metadata":{"emulator":{"name":"functions"},"message":"[worker-app-7a4cc6a8-3164-4c86-82f7-3e9b3114470c]: IDLE"}}
[debug] [2022-04-12T18:49:47.992Z] [work-queue] {"queueLength":0,"workRunningCount":0}
[debug] [2022-04-12T19:11:50.129Z] [work-queue] {"queueLength":1,"workRunningCount":0}
[debug] [2022-04-12T19:11:50.129Z] [work-queue] {"queueLength":0,"workRunningCount":1}
[debug] [2022-04-12T19:11:50.129Z] Accepted request POST /classdotio-7a498/us-central1/app/getUserInfo --> app
[debug] [2022-04-12T19:11:50.129Z] [worker-pool] submitWork(triggerId=app) {"metadata":{"emulator":{"name":"functions"},"message":"[worker-pool] submitWork(triggerId=app)"}}
[debug] [2022-04-12T19:11:50.129Z] [worker-app-7a4cc6a8-3164-4c86-82f7-3e9b3114470c]: Assigning socketPath: /tmp/fire_emu_778.sock {"metadata":{"emulator":{"name":"functions"},"message":"[worker-app-7a4cc6a8-3164-4c86-82f7-3e9b3114470c]: Assigning socketPath: /tmp/fire_emu_778.sock"}}
[debug] [2022-04-12T19:11:50.129Z] [worker-app-7a4cc6a8-3164-4c86-82f7-3e9b3114470c]: BUSY {"metadata":{"emulator":{"name":"functions"},"message":"[worker-app-7a4cc6a8-3164-4c86-82f7-3e9b3114470c]: BUSY"}}
[debug] [2022-04-12T19:11:50.130Z] [runtime-status] [778] Trigger "app" has been found, beginning invocation! {"metadata":{"emulator":{"name":"functions"},"function":{"name":"app"},"message":"[runtime-status] [778] Trigger \"app\" has been found, beginning invocation!"}}
[info] i  functions: Beginning execution of "app" {"metadata":{"emulator":{"name":"functions"},"function":{"name":"app"},"message":"Beginning execution of \"app\""}}
[debug] [2022-04-12T19:11:50.131Z] [runtime-status] [778] triggerDefinition {"httpsTrigger":{},"name":"app","entryPoint":"app"} {"metadata":{"emulator":{"name":"functions"},"function":{"name":"app"},"message":"[runtime-status] [778] triggerDefinition {\"httpsTrigger\":{},\"name\":\"app\",\"entryPoint\":\"app\"}"}}
[debug] [2022-04-12T19:11:50.133Z] [runtime-status] [778] Running app in mode HTTPS {"metadata":{"emulator":{"name":"functions"},"function":{"name":"app"},"message":"[runtime-status] [778] Running app in mode HTTPS"}}
[debug] [2022-04-12T19:11:50.133Z] [runtime-status] [778] Attempting to listen to socketPath: /tmp/fire_emu_778.sock {"metadata":{"emulator":{"name":"functions"},"function":{"name":"app"},"message":"[runtime-status] [778] Attempting to listen to socketPath: /tmp/fire_emu_778.sock"}}
[debug] [2022-04-12T19:11:50.134Z] [functions] Runtime ready! Sending request! {"metadata":{"emulator":{"name":"functions"},"message":"[functions] Runtime ready! Sending request!"}}
[debug] [2022-04-12T19:11:50.134Z] [functions] Got req.url=/classdotio-7a498/us-central1/app/getUserInfo, mapping to path=/getUserInfo {"metadata":{"emulator":{"name":"functions"},"message":"[functions] Got req.url=/classdotio-7a498/us-central1/app/getUserInfo, mapping to path=/getUserInfo"}}
[debug] [2022-04-12T19:11:50.137Z] [runtime-status] [778] Ephemeral server handling POST request {"metadata":{"emulator":{"name":"functions"},"function":{"name":"app"},"message":"[runtime-status] [778] Ephemeral server handling POST request"}}
[debug] [2022-04-12T19:11:50.137Z] [runtime-status] [778] Ephemeral server survived. {"metadata":{"emulator":{"name":"functions"},"function":{"name":"app"},"message":"[runtime-status] [778] Ephemeral server survived."}}
[info] i  functions: Finished "app" in ~1s {"metadata":{"emulator":{"name":"functions"},"function":{"name":"app"},"message":"Finished \"app\" in ~1s"}}
[debug] [2022-04-12T19:11:50.488Z] [worker-app-7a4cc6a8-3164-4c86-82f7-3e9b3114470c]: IDLE {"metadata":{"emulator":{"name":"functions"},"message":"[worker-app-7a4cc6a8-3164-4c86-82f7-3e9b3114470c]: IDLE"}}
[debug] [2022-04-12T19:11:50.488Z] [work-queue] {"queueLength":0,"workRunningCount":0}
[debug] [2022-04-12T19:35:58.851Z] [work-queue] {"queueLength":1,"workRunningCount":0}
[debug] [2022-04-12T19:35:58.851Z] [work-queue] {"queueLength":0,"workRunningCount":1}
[debug] [2022-04-12T19:35:58.851Z] Accepted request POST /classdotio-7a498/us-central1/app/getUserInfo --> app
[debug] [2022-04-12T19:35:58.851Z] [worker-pool] submitWork(triggerId=app) {"metadata":{"emulator":{"name":"functions"},"message":"[worker-pool] submitWork(triggerId=app)"}}
[debug] [2022-04-12T19:35:58.851Z] [worker-app-7a4cc6a8-3164-4c86-82f7-3e9b3114470c]: Assigning socketPath: /tmp/fire_emu_778.sock {"metadata":{"emulator":{"name":"functions"},"message":"[worker-app-7a4cc6a8-3164-4c86-82f7-3e9b3114470c]: Assigning socketPath: /tmp/fire_emu_778.sock"}}
[debug] [2022-04-12T19:35:58.851Z] [worker-app-7a4cc6a8-3164-4c86-82f7-3e9b3114470c]: BUSY {"metadata":{"emulator":{"name":"functions"},"message":"[worker-app-7a4cc6a8-3164-4c86-82f7-3e9b3114470c]: BUSY"}}
[debug] [2022-04-12T19:35:58.852Z] [runtime-status] [778] Trigger "app" has been found, beginning invocation! {"metadata":{"emulator":{"name":"functions"},"function":{"name":"app"},"message":"[runtime-status] [778] Trigger \"app\" has been found, beginning invocation!"}}
[info] i  functions: Beginning execution of "app" {"metadata":{"emulator":{"name":"functions"},"function":{"name":"app"},"message":"Beginning execution of \"app\""}}
[debug] [2022-04-12T19:35:58.853Z] [runtime-status] [778] triggerDefinition {"httpsTrigger":{},"name":"app","entryPoint":"app"} {"metadata":{"emulator":{"name":"functions"},"function":{"name":"app"},"message":"[runtime-status] [778] triggerDefinition {\"httpsTrigger\":{},\"name\":\"app\",\"entryPoint\":\"app\"}"}}
[debug] [2022-04-12T19:35:58.853Z] [runtime-status] [778] Running app in mode HTTPS {"metadata":{"emulator":{"name":"functions"},"function":{"name":"app"},"message":"[runtime-status] [778] Running app in mode HTTPS"}}
[debug] [2022-04-12T19:35:58.853Z] [runtime-status] [778] Attempting to listen to socketPath: /tmp/fire_emu_778.sock {"metadata":{"emulator":{"name":"functions"},"function":{"name":"app"},"message":"[runtime-status] [778] Attempting to listen to socketPath: /tmp/fire_emu_778.sock"}}
[debug] [2022-04-12T19:35:58.854Z] [functions] Runtime ready! Sending request! {"metadata":{"emulator":{"name":"functions"},"message":"[functions] Runtime ready! Sending request!"}}
[debug] [2022-04-12T19:35:58.854Z] [functions] Got req.url=/classdotio-7a498/us-central1/app/getUserInfo, mapping to path=/getUserInfo {"metadata":{"emulator":{"name":"functions"},"message":"[functions] Got req.url=/classdotio-7a498/us-central1/app/getUserInfo, mapping to path=/getUserInfo"}}
[debug] [2022-04-12T19:35:58.856Z] [runtime-status] [778] Ephemeral server handling POST request {"metadata":{"emulator":{"name":"functions"},"function":{"name":"app"},"message":"[runtime-status] [778] Ephemeral server handling POST request"}}
[debug] [2022-04-12T19:35:58.857Z] [runtime-status] [778] Ephemeral server survived. {"metadata":{"emulator":{"name":"functions"},"function":{"name":"app"},"message":"[runtime-status] [778] Ephemeral server survived."}}
[info] i  functions: Finished "app" in ~1s {"metadata":{"emulator":{"name":"functions"},"function":{"name":"app"},"message":"Finished \"app\" in ~1s"}}
[debug] [2022-04-12T19:35:59.110Z] [worker-app-7a4cc6a8-3164-4c86-82f7-3e9b3114470c]: IDLE {"metadata":{"emulator":{"name":"functions"},"message":"[worker-app-7a4cc6a8-3164-4c86-82f7-3e9b3114470c]: IDLE"}}
[debug] [2022-04-12T19:35:59.110Z] [work-queue] {"queueLength":0,"workRunningCount":0}
[debug] [2022-04-12T19:36:22.922Z] [work-queue] {"queueLength":1,"workRunningCount":0}
[debug] [2022-04-12T19:36:22.922Z] [work-queue] {"queueLength":0,"workRunningCount":1}
[debug] [2022-04-12T19:36:22.922Z] Accepted request POST /classdotio-7a498/us-central1/app/getUserInfo --> app
[debug] [2022-04-12T19:36:22.922Z] [worker-pool] submitWork(triggerId=app) {"metadata":{"emulator":{"name":"functions"},"message":"[worker-pool] submitWork(triggerId=app)"}}
[debug] [2022-04-12T19:36:22.923Z] [worker-app-7a4cc6a8-3164-4c86-82f7-3e9b3114470c]: Assigning socketPath: /tmp/fire_emu_778.sock {"metadata":{"emulator":{"name":"functions"},"message":"[worker-app-7a4cc6a8-3164-4c86-82f7-3e9b3114470c]: Assigning socketPath: /tmp/fire_emu_778.sock"}}
[debug] [2022-04-12T19:36:22.923Z] [worker-app-7a4cc6a8-3164-4c86-82f7-3e9b3114470c]: BUSY {"metadata":{"emulator":{"name":"functions"},"message":"[worker-app-7a4cc6a8-3164-4c86-82f7-3e9b3114470c]: BUSY"}}
[debug] [2022-04-12T19:36:22.924Z] [runtime-status] [778] Trigger "app" has been found, beginning invocation! {"metadata":{"emulator":{"name":"functions"},"function":{"name":"app"},"message":"[runtime-status] [778] Trigger \"app\" has been found, beginning invocation!"}}
[info] i  functions: Beginning execution of "app" {"metadata":{"emulator":{"name":"functions"},"function":{"name":"app"},"message":"Beginning execution of \"app\""}}
[debug] [2022-04-12T19:36:22.925Z] [runtime-status] [778] triggerDefinition {"httpsTrigger":{},"name":"app","entryPoint":"app"} {"metadata":{"emulator":{"name":"functions"},"function":{"name":"app"},"message":"[runtime-status] [778] triggerDefinition {\"httpsTrigger\":{},\"name\":\"app\",\"entryPoint\":\"app\"}"}}
[debug] [2022-04-12T19:36:22.925Z] [runtime-status] [778] Running app in mode HTTPS {"metadata":{"emulator":{"name":"functions"},"function":{"name":"app"},"message":"[runtime-status] [778] Running app in mode HTTPS"}}
[debug] [2022-04-12T19:36:22.925Z] [runtime-status] [778] Attempting to listen to socketPath: /tmp/fire_emu_778.sock {"metadata":{"emulator":{"name":"functions"},"function":{"name":"app"},"message":"[runtime-status] [778] Attempting to listen to socketPath: /tmp/fire_emu_778.sock"}}
[debug] [2022-04-12T19:36:22.926Z] [functions] Runtime ready! Sending request! {"metadata":{"emulator":{"name":"functions"},"message":"[functions] Runtime ready! Sending request!"}}
[debug] [2022-04-12T19:36:22.926Z] [functions] Got req.url=/classdotio-7a498/us-central1/app/getUserInfo, mapping to path=/getUserInfo {"metadata":{"emulator":{"name":"functions"},"message":"[functions] Got req.url=/classdotio-7a498/us-central1/app/getUserInfo, mapping to path=/getUserInfo"}}
[debug] [2022-04-12T19:36:22.928Z] [runtime-status] [778] Ephemeral server handling POST request {"metadata":{"emulator":{"name":"functions"},"function":{"name":"app"},"message":"[runtime-status] [778] Ephemeral server handling POST request"}}
[debug] [2022-04-12T19:36:22.929Z] [runtime-status] [778] Ephemeral server survived. {"metadata":{"emulator":{"name":"functions"},"function":{"name":"app"},"message":"[runtime-status] [778] Ephemeral server survived."}}
[info] i  functions: Finished "app" in ~1s {"metadata":{"emulator":{"name":"functions"},"function":{"name":"app"},"message":"Finished \"app\" in ~1s"}}
[debug] [2022-04-12T19:36:23.054Z] [worker-app-7a4cc6a8-3164-4c86-82f7-3e9b3114470c]: IDLE {"metadata":{"emulator":{"name":"functions"},"message":"[worker-app-7a4cc6a8-3164-4c86-82f7-3e9b3114470c]: IDLE"}}
[debug] [2022-04-12T19:36:23.054Z] [work-queue] {"queueLength":0,"workRunningCount":0}
[debug] [2022-04-12T20:26:39.656Z] [work-queue] {"queueLength":1,"workRunningCount":0}
[debug] [2022-04-12T20:26:39.656Z] [work-queue] {"queueLength":0,"workRunningCount":1}
[debug] [2022-04-12T20:26:39.656Z] Accepted request POST /classdotio-7a498/us-central1/app/getUserInfo --> app
[debug] [2022-04-12T20:26:39.656Z] [worker-pool] submitWork(triggerId=app) {"metadata":{"emulator":{"name":"functions"},"message":"[worker-pool] submitWork(triggerId=app)"}}
[debug] [2022-04-12T20:26:39.656Z] [worker-app-7a4cc6a8-3164-4c86-82f7-3e9b3114470c]: Assigning socketPath: /tmp/fire_emu_778.sock {"metadata":{"emulator":{"name":"functions"},"message":"[worker-app-7a4cc6a8-3164-4c86-82f7-3e9b3114470c]: Assigning socketPath: /tmp/fire_emu_778.sock"}}
[debug] [2022-04-12T20:26:39.656Z] [worker-app-7a4cc6a8-3164-4c86-82f7-3e9b3114470c]: BUSY {"metadata":{"emulator":{"name":"functions"},"message":"[worker-app-7a4cc6a8-3164-4c86-82f7-3e9b3114470c]: BUSY"}}
[debug] [2022-04-12T20:26:39.657Z] [runtime-status] [778] Trigger "app" has been found, beginning invocation! {"metadata":{"emulator":{"name":"functions"},"function":{"name":"app"},"message":"[runtime-status] [778] Trigger \"app\" has been found, beginning invocation!"}}
[info] i  functions: Beginning execution of "app" {"metadata":{"emulator":{"name":"functions"},"function":{"name":"app"},"message":"Beginning execution of \"app\""}}
[debug] [2022-04-12T20:26:39.658Z] [runtime-status] [778] triggerDefinition {"httpsTrigger":{},"name":"app","entryPoint":"app"} {"metadata":{"emulator":{"name":"functions"},"function":{"name":"app"},"message":"[runtime-status] [778] triggerDefinition {\"httpsTrigger\":{},\"name\":\"app\",\"entryPoint\":\"app\"}"}}
[debug] [2022-04-12T20:26:39.658Z] [runtime-status] [778] Running app in mode HTTPS {"metadata":{"emulator":{"name":"functions"},"function":{"name":"app"},"message":"[runtime-status] [778] Running app in mode HTTPS"}}
[debug] [2022-04-12T20:26:39.658Z] [runtime-status] [778] Attempting to listen to socketPath: /tmp/fire_emu_778.sock {"metadata":{"emulator":{"name":"functions"},"function":{"name":"app"},"message":"[runtime-status] [778] Attempting to listen to socketPath: /tmp/fire_emu_778.sock"}}
[debug] [2022-04-12T20:26:39.660Z] [functions] Runtime ready! Sending request! {"metadata":{"emulator":{"name":"functions"},"message":"[functions] Runtime ready! Sending request!"}}
[debug] [2022-04-12T20:26:39.660Z] [functions] Got req.url=/classdotio-7a498/us-central1/app/getUserInfo, mapping to path=/getUserInfo {"metadata":{"emulator":{"name":"functions"},"message":"[functions] Got req.url=/classdotio-7a498/us-central1/app/getUserInfo, mapping to path=/getUserInfo"}}
[debug] [2022-04-12T20:26:39.663Z] [runtime-status] [778] Ephemeral server handling POST request {"metadata":{"emulator":{"name":"functions"},"function":{"name":"app"},"message":"[runtime-status] [778] Ephemeral server handling POST request"}}
[debug] [2022-04-12T20:26:39.663Z] [runtime-status] [778] Ephemeral server survived. {"metadata":{"emulator":{"name":"functions"},"function":{"name":"app"},"message":"[runtime-status] [778] Ephemeral server survived."}}
[info] i  functions: Finished "app" in ~1s {"metadata":{"emulator":{"name":"functions"},"function":{"name":"app"},"message":"Finished \"app\" in ~1s"}}
[debug] [2022-04-12T20:26:40.031Z] [worker-app-7a4cc6a8-3164-4c86-82f7-3e9b3114470c]: IDLE {"metadata":{"emulator":{"name":"functions"},"message":"[worker-app-7a4cc6a8-3164-4c86-82f7-3e9b3114470c]: IDLE"}}
[debug] [2022-04-12T20:26:40.031Z] [work-queue] {"queueLength":0,"workRunningCount":0}
[debug] [2022-04-12T20:49:55.465Z] [work-queue] {"queueLength":1,"workRunningCount":0}
[debug] [2022-04-12T20:49:55.465Z] [work-queue] {"queueLength":0,"workRunningCount":1}
[debug] [2022-04-12T20:49:55.465Z] Accepted request POST /classdotio-7a498/us-central1/app/getUserInfo --> app
[debug] [2022-04-12T20:49:55.465Z] [worker-pool] submitWork(triggerId=app) {"metadata":{"emulator":{"name":"functions"},"message":"[worker-pool] submitWork(triggerId=app)"}}
[debug] [2022-04-12T20:49:55.465Z] [worker-app-7a4cc6a8-3164-4c86-82f7-3e9b3114470c]: Assigning socketPath: /tmp/fire_emu_778.sock {"metadata":{"emulator":{"name":"functions"},"message":"[worker-app-7a4cc6a8-3164-4c86-82f7-3e9b3114470c]: Assigning socketPath: /tmp/fire_emu_778.sock"}}
[debug] [2022-04-12T20:49:55.465Z] [worker-app-7a4cc6a8-3164-4c86-82f7-3e9b3114470c]: BUSY {"metadata":{"emulator":{"name":"functions"},"message":"[worker-app-7a4cc6a8-3164-4c86-82f7-3e9b3114470c]: BUSY"}}
[debug] [2022-04-12T20:49:55.466Z] [runtime-status] [778] Trigger "app" has been found, beginning invocation! {"metadata":{"emulator":{"name":"functions"},"function":{"name":"app"},"message":"[runtime-status] [778] Trigger \"app\" has been found, beginning invocation!"}}
[info] i  functions: Beginning execution of "app" {"metadata":{"emulator":{"name":"functions"},"function":{"name":"app"},"message":"Beginning execution of \"app\""}}
[debug] [2022-04-12T20:49:55.467Z] [runtime-status] [778] triggerDefinition {"httpsTrigger":{},"name":"app","entryPoint":"app"} {"metadata":{"emulator":{"name":"functions"},"function":{"name":"app"},"message":"[runtime-status] [778] triggerDefinition {\"httpsTrigger\":{},\"name\":\"app\",\"entryPoint\":\"app\"}"}}
[debug] [2022-04-12T20:49:55.467Z] [runtime-status] [778] Running app in mode HTTPS {"metadata":{"emulator":{"name":"functions"},"function":{"name":"app"},"message":"[runtime-status] [778] Running app in mode HTTPS"}}
[debug] [2022-04-12T20:49:55.467Z] [runtime-status] [778] Attempting to listen to socketPath: /tmp/fire_emu_778.sock {"metadata":{"emulator":{"name":"functions"},"function":{"name":"app"},"message":"[runtime-status] [778] Attempting to listen to socketPath: /tmp/fire_emu_778.sock"}}
[debug] [2022-04-12T20:49:55.468Z] [functions] Runtime ready! Sending request! {"metadata":{"emulator":{"name":"functions"},"message":"[functions] Runtime ready! Sending request!"}}
[debug] [2022-04-12T20:49:55.469Z] [functions] Got req.url=/classdotio-7a498/us-central1/app/getUserInfo, mapping to path=/getUserInfo {"metadata":{"emulator":{"name":"functions"},"message":"[functions] Got req.url=/classdotio-7a498/us-central1/app/getUserInfo, mapping to path=/getUserInfo"}}
[debug] [2022-04-12T20:49:55.471Z] [runtime-status] [778] Ephemeral server handling POST request {"metadata":{"emulator":{"name":"functions"},"function":{"name":"app"},"message":"[runtime-status] [778] Ephemeral server handling POST request"}}
[debug] [2022-04-12T20:49:55.472Z] [runtime-status] [778] Ephemeral server survived. {"metadata":{"emulator":{"name":"functions"},"function":{"name":"app"},"message":"[runtime-status] [778] Ephemeral server survived."}}
[info] i  functions: Finished "app" in ~1s {"metadata":{"emulator":{"name":"functions"},"function":{"name":"app"},"message":"Finished \"app\" in ~1s"}}
[debug] [2022-04-12T20:49:55.688Z] [worker-app-7a4cc6a8-3164-4c86-82f7-3e9b3114470c]: IDLE {"metadata":{"emulator":{"name":"functions"},"message":"[worker-app-7a4cc6a8-3164-4c86-82f7-3e9b3114470c]: IDLE"}}
[debug] [2022-04-12T20:49:55.688Z] [work-queue] {"queueLength":0,"workRunningCount":0}
[debug] [2022-04-12T21:13:20.795Z] [work-queue] {"queueLength":1,"workRunningCount":0}
[debug] [2022-04-12T21:13:20.795Z] [work-queue] {"queueLength":0,"workRunningCount":1}
[debug] [2022-04-12T21:13:20.795Z] Accepted request POST /classdotio-7a498/us-central1/app/getUserInfo --> app
[debug] [2022-04-12T21:13:20.795Z] [worker-pool] submitWork(triggerId=app) {"metadata":{"emulator":{"name":"functions"},"message":"[worker-pool] submitWork(triggerId=app)"}}
[debug] [2022-04-12T21:13:20.795Z] [worker-app-7a4cc6a8-3164-4c86-82f7-3e9b3114470c]: Assigning socketPath: /tmp/fire_emu_778.sock {"metadata":{"emulator":{"name":"functions"},"message":"[worker-app-7a4cc6a8-3164-4c86-82f7-3e9b3114470c]: Assigning socketPath: /tmp/fire_emu_778.sock"}}
[debug] [2022-04-12T21:13:20.795Z] [worker-app-7a4cc6a8-3164-4c86-82f7-3e9b3114470c]: BUSY {"metadata":{"emulator":{"name":"functions"},"message":"[worker-app-7a4cc6a8-3164-4c86-82f7-3e9b3114470c]: BUSY"}}
[debug] [2022-04-12T21:13:20.796Z] [runtime-status] [778] Trigger "app" has been found, beginning invocation! {"metadata":{"emulator":{"name":"functions"},"function":{"name":"app"},"message":"[runtime-status] [778] Trigger \"app\" has been found, beginning invocation!"}}
[info] i  functions: Beginning execution of "app" {"metadata":{"emulator":{"name":"functions"},"function":{"name":"app"},"message":"Beginning execution of \"app\""}}
[debug] [2022-04-12T21:13:20.797Z] [runtime-status] [778] triggerDefinition {"httpsTrigger":{},"name":"app","entryPoint":"app"} {"metadata":{"emulator":{"name":"functions"},"function":{"name":"app"},"message":"[runtime-status] [778] triggerDefinition {\"httpsTrigger\":{},\"name\":\"app\",\"entryPoint\":\"app\"}"}}
[debug] [2022-04-12T21:13:20.797Z] [runtime-status] [778] Running app in mode HTTPS {"metadata":{"emulator":{"name":"functions"},"function":{"name":"app"},"message":"[runtime-status] [778] Running app in mode HTTPS"}}
[debug] [2022-04-12T21:13:20.797Z] [runtime-status] [778] Attempting to listen to socketPath: /tmp/fire_emu_778.sock {"metadata":{"emulator":{"name":"functions"},"function":{"name":"app"},"message":"[runtime-status] [778] Attempting to listen to socketPath: /tmp/fire_emu_778.sock"}}
[debug] [2022-04-12T21:13:20.802Z] [functions] Runtime ready! Sending request! {"metadata":{"emulator":{"name":"functions"},"message":"[functions] Runtime ready! Sending request!"}}
[debug] [2022-04-12T21:13:20.802Z] [functions] Got req.url=/classdotio-7a498/us-central1/app/getUserInfo, mapping to path=/getUserInfo {"metadata":{"emulator":{"name":"functions"},"message":"[functions] Got req.url=/classdotio-7a498/us-central1/app/getUserInfo, mapping to path=/getUserInfo"}}
[debug] [2022-04-12T21:13:20.804Z] [runtime-status] [778] Ephemeral server handling POST request {"metadata":{"emulator":{"name":"functions"},"function":{"name":"app"},"message":"[runtime-status] [778] Ephemeral server handling POST request"}}
[debug] [2022-04-12T21:13:20.807Z] [runtime-status] [778] Ephemeral server survived. {"metadata":{"emulator":{"name":"functions"},"function":{"name":"app"},"message":"[runtime-status] [778] Ephemeral server survived."}}
[info] i  functions: Finished "app" in ~1s {"metadata":{"emulator":{"name":"functions"},"function":{"name":"app"},"message":"Finished \"app\" in ~1s"}}
[debug] [2022-04-12T21:13:21.071Z] [worker-app-7a4cc6a8-3164-4c86-82f7-3e9b3114470c]: IDLE {"metadata":{"emulator":{"name":"functions"},"message":"[worker-app-7a4cc6a8-3164-4c86-82f7-3e9b3114470c]: IDLE"}}
[debug] [2022-04-12T21:13:21.071Z] [work-queue] {"queueLength":0,"workRunningCount":0}
